<?xml version="1.0" encoding="UTF-8"?>
<testsuite xmlns:xsi="http://www.w3.org/2001/XMLSchema-instance" xsi:noNamespaceSchemaLocation="https://maven.apache.org/surefire/maven-surefire-plugin/xsd/surefire-test-report.xsd" name="org.comp1030.blair.MainTest" time="0.063" tests="25" errors="0" skipped="0" failures="0">
  <properties>
[...]
</properties>
  <testcase name="gameBoard_guessPlayerH" classname="org.comp1030.blair.MainTest$GameBoardTests" time="0.008"/>
  <testcase name="gameBoard_guessPlayerV" classname="org.comp1030.blair.MainTest$GameBoardTests" time="0"/>
  <testcase name="gameBoard_placeShipDestroyerH" classname="org.comp1030.blair.MainTest$GameBoardTests" time="0"/>
  <testcase name="gameBoard_placeShipDestroyerV" classname="org.comp1030.blair.MainTest$GameBoardTests" time="0"/>
  <testcase name="gameBoard_placeShipBattleshipHBottom" classname="org.comp1030.blair.MainTest$GameBoardTests" time="0"/>
  <testcase name="gameBoard_placeShipPatrolBoatH" classname="org.comp1030.blair.MainTest$GameBoardTests" time="0"/>
  <testcase name="gameBoard_placeShipPatrolBoatV" classname="org.comp1030.blair.MainTest$GameBoardTests" time="0"/>
  <testcase name="gameBoard_placeShipBattleshipH" classname="org.comp1030.blair.MainTest$GameBoardTests" time="0"/>
  <testcase name="gameBoard_placeShipBattleshipV" classname="org.comp1030.blair.MainTest$GameBoardTests" time="0"/>
  <testcase name="gameBoard_placeShipSubmarineH" classname="org.comp1030.blair.MainTest$GameBoardTests" time="0"/>
  <testcase name="gameBoard_placeShipSubmarineV" classname="org.comp1030.blair.MainTest$GameBoardTests" time="0"/>
  <testcase name="gameBoard_isLegalPlacement_ShipTooTall" classname="org.comp1030.blair.MainTest$GameBoardTests" time="0"/>
  <testcase name="gameBoard_isLegalPlacement_ShipTooWide" classname="org.comp1030.blair.MainTest$GameBoardTests" time="0.001"/>
  <testcase name="gameBoard_isLegalPlacement_OverlapHV" classname="org.comp1030.blair.MainTest$GameBoardTests" time="0"/>
  <testcase name="gameBoard_isLegalPlacement_OverlapVH" classname="org.comp1030.blair.MainTest$GameBoardTests" time="0"/>
  <testcase name="gameBoard_isInitializedEmpty" classname="org.comp1030.blair.MainTest$GameBoardTests" time="0"/>
  <testcase name="gameBoard_guessAIH" classname="org.comp1030.blair.MainTest$GameBoardTests" time="0"/>
  <testcase name="gameBoard_guessAIV" classname="org.comp1030.blair.MainTest$GameBoardTests" time="0"/>
  <testcase name="gameBoard_isLegalPlacement_OOB" classname="org.comp1030.blair.MainTest$GameBoardTests" time="0"/>
  <testcase name="ship_getType" classname="org.comp1030.blair.MainTest$ShipTests" time="0"/>
  <testcase name="ship_getDirectionH" classname="org.comp1030.blair.MainTest$ShipTests" time="0"/>
  <testcase name="ship_getDirectionV" classname="org.comp1030.blair.MainTest$ShipTests" time="0.001"/>
  <testcase name="ship_getX" classname="org.comp1030.blair.MainTest$ShipTests" time="0"/>
  <testcase name="ship_getY" classname="org.comp1030.blair.MainTest$ShipTests" time="0"/>
  <testcase name="ship_sizes" classname="org.comp1030.blair.MainTest$ShipTests" time="0"/>
</testsuite>